weatherStation/build/outputs/logs/manifest-merger-debug-report.txt
-- Merging decision tree log ---
manifest
ADDED from src\main\AndroidManifest.xml:8:1-119:12
	package
		ADDED from src\main\AndroidManifest.xml:11:5-45
		INJECTED from src\main\AndroidManifest.xml
		INJECTED from src\main\AndroidManifest.xml
	android:versionName
		ADDED from src\main\AndroidManifest.xml:13:5-30
	xmlns:tools
		ADDED from src\main\AndroidManifest.xml:10:5-51
	android:versionCode
		ADDED from src\main\AndroidManifest.xml:12:5-28
		INJECTED from src\main\AndroidManifest.xml
		INJECTED from src\main\AndroidManifest.xml
	xmlns:android
		ADDED from src\main\AndroidManifest.xml:9:5-63
uses-permission#android.permission.BLUETOOTH
ADDED from src\main\AndroidManifest.xml:35:5-68
MERGED from [WeatherStation:sensorTagLib:unspecified] AndroidManifest.xml:27:5-68
	android:name
		ADDED from src\main\AndroidManifest.xml:35:22-65
uses-permission#android.permission.BLUETOOTH_ADMIN
ADDED from src\main\AndroidManifest.xml:36:5-74
MERGED from [WeatherStation:sensorTagLib:unspecified] AndroidManifest.xml:28:5-74
	android:name
		ADDED from src\main\AndroidManifest.xml:36:22-71
uses-feature#android.hardware.bluetooth_le
ADDED from src\main\AndroidManifest.xml:42:5-44:35
MERGED from [WeatherStation:sensorTagLib:unspecified] AndroidManifest.xml:30:5-32:35
	android:required
		ADDED from src\main\AndroidManifest.xml:44:9-32
	android:name
		ADDED from src\main\AndroidManifest.xml:43:9-53
uses-feature#android.hardware.bluetooth.ble
ADDED from src\main\AndroidManifest.xml:45:5-47:35
MERGED from [WeatherStation:sensorTagLib:unspecified] AndroidManifest.xml:33:5-35:35
	android:required
		ADDED from src\main\AndroidManifest.xml:47:9-32
	android:name
		ADDED from src\main\AndroidManifest.xml:46:9-54
application
ADDED from src\main\AndroidManifest.xml:53:5-117:19
MERGED from [WeatherStation:sensorTagLib:unspecified] AndroidManifest.xml:37:5-81:19
	android:label
		ADDED from src\main\AndroidManifest.xml:56:9-41
	android:allowBackup
		ADDED from src\main\AndroidManifest.xml:54:9-35
		REJECTED from [WeatherStation:sensorTagLib:unspecified] AndroidManifest.xml:38:9-36
	android:icon
		ADDED from src\main\AndroidManifest.xml:55:9-39
	android:theme
		ADDED from src\main\AndroidManifest.xml:57:9-40
	tools:replace
		ADDED from src\main\AndroidManifest.xml:58:9-44
service#ti.android.ble.common.BluetoothLeService
ADDED from src\main\AndroidManifest.xml:65:9-67:38
MERGED from [WeatherStation:sensorTagLib:unspecified] AndroidManifest.xml:47:9-49:38
	android:enabled
		ADDED from src\main\AndroidManifest.xml:67:13-35
	android:name
		ADDED from src\main\AndroidManifest.xml:66:13-68
activity#ca.concordia.sensortag.weather.LoginActivity
ADDED from src\main\AndroidManifest.xml:74:9-84:20
	android:label
		ADDED from src\main\AndroidManifest.xml:76:13-45
	android:launchMode
		ADDED from src\main\AndroidManifest.xml:77:13-43
	android:windowSoftInputMode
		ADDED from src\main\AndroidManifest.xml:78:13-52
	android:name
		ADDED from src\main\AndroidManifest.xml:75:13-42
intent-filter#android.intent.action.MAIN+android.intent.category.LAUNCHER
ADDED from src\main\AndroidManifest.xml:79:13-83:29
action#android.intent.action.MAIN
ADDED from src\main\AndroidManifest.xml:80:17-69
	android:name
		ADDED from src\main\AndroidManifest.xml:80:25-66
category#android.intent.category.LAUNCHER
ADDED from src\main\AndroidManifest.xml:82:17-77
	android:name
		ADDED from src\main\AndroidManifest.xml:82:27-74
activity#ca.concordia.sensortag.weather.RegisterActivity
ADDED from src\main\AndroidManifest.xml:86:9-90:55
	android:label
		ADDED from src\main\AndroidManifest.xml:88:13-45
	android:launchMode
		ADDED from src\main\AndroidManifest.xml:89:13-43
	android:windowSoftInputMode
		ADDED from src\main\AndroidManifest.xml:90:13-52
	android:name
		ADDED from src\main\AndroidManifest.xml:87:13-45
activity#ca.concordia.sensortag.weather.DeviceSelectActivity
ADDED from src\main\AndroidManifest.xml:92:9-103:20
	android:screenOrientation
		ADDED from src\main\AndroidManifest.xml:95:13-49
	android:label
		ADDED from src\main\AndroidManifest.xml:94:13-45
	android:name
		ADDED from src\main\AndroidManifest.xml:93:13-79
activity#ca.concordia.sensortag.weather.WeatherStationActivity
ADDED from src\main\AndroidManifest.xml:112:9-116:20
	android:screenOrientation
		ADDED from src\main\AndroidManifest.xml:115:13-49
	android:parentActivityName
		ADDED from src\main\AndroidManifest.xml:114:13-93
	android:name
		ADDED from src\main\AndroidManifest.xml:113:13-81
uses-sdk
INJECTED from src\main\AndroidManifest.xml reason: use-sdk injection requested
MERGED from [WeatherStation:sensorTagLib:unspecified] AndroidManifest.xml:7:5-9:41
	android:targetSdkVersion
		INJECTED from src\main\AndroidManifest.xml
		INJECTED from src\main\AndroidManifest.xml
	android:minSdkVersion
		INJECTED from src\main\AndroidManifest.xml
		INJECTED from src\main\AndroidManifest.xml
activity#ca.concordia.sensortag.DeviceSelectActivity
ADDED from [WeatherStation:sensorTagLib:unspecified] AndroidManifest.xml:56:9-80:20
	android:screenOrientation
		ADDED from [WeatherStation:sensorTagLib:unspecified] AndroidManifest.xml:59:13-49
	android:label
		ADDED from [WeatherStation:sensorTagLib:unspecified] AndroidManifest.xml:58:13-45
	android:name
		ADDED from [WeatherStation:sensorTagLib:unspecified] AndroidManifest.xml:57:13-71